<?xml version="1.0" encoding="UTF-8"?>
<!-- Generated by org.testng.reporters.JUnitReportReporter -->
<testsuite hostname="Luckys-Laptop.local" failures="0" tests="1" name="tests.AddNewCustomerTest" time="15.937" errors="0" timestamp="2024-07-02T19:37:35 IST" skipped="0">
  <testcase classname="tests.AddNewCustomerTest" name="addNewCustTest" time="15.937"/>
  <system-out/>
</testsuite> <!-- tests.AddNewCustomerTest -->
