<?xml version="1.0" encoding="UTF-8"?>
<!-- Generated by org.testng.reporters.JUnitReportReporter -->
<testsuite hostname="Luckys-Laptop.local" failures="0" tests="1" name="tests.LoginPageTest" time="8.972" errors="0" timestamp="2024-07-02T19:21:45 IST" skipped="0">
  <testcase classname="tests.LoginPageTest" name="loginTest" time="8.972"/>
  <system-out/>
</testsuite> <!-- tests.LoginPageTest -->
